  main.cpp
e:\programs\rmtsrc\sort.h(41): warning C4018: '<': signed/unsigned mismatch
main.cpp(32): fatal error C1083: Cannot open include file: 'getopt.h': No such file or directory
  factories.cpp
e:\programs\rmtsrc\sort.h(41): warning C4018: '<': signed/unsigned mismatch
e:\programs\rmtsrc\log.h(44): error C2678: binary '<<': no operator found which takes a left-hand operand of type 'std::ostream' (or there is no acceptable conversion)
  C:\Program Files (x86)\Microsoft Visual Studio 14.0\VC\include\ostream(495): note: could be 'std::basic_ostream<char,std::char_traits<char>> &std::basic_ostream<char,std::char_traits<char>>::operator <<(std::basic_streambuf<char,std::char_traits<char>> *)'
  C:\Program Files (x86)\Microsoft Visual Studio 14.0\VC\include\ostream(475): note: or       'std::basic_ostream<char,std::char_traits<char>> &std::basic_ostream<char,std::char_traits<char>>::operator <<(const void *)'
  C:\Program Files (x86)\Microsoft Visual Studio 14.0\VC\include\ostream(455): note: or       'std::basic_ostream<char,std::char_traits<char>> &std::basic_ostream<char,std::char_traits<char>>::operator <<(long double)'
  C:\Program Files (x86)\Microsoft Visual Studio 14.0\VC\include\ostream(435): note: or       'std::basic_ostream<char,std::char_traits<char>> &std::basic_ostream<char,std::char_traits<char>>::operator <<(double)'
  C:\Program Files (x86)\Microsoft Visual Studio 14.0\VC\include\ostream(415): note: or       'std::basic_ostream<char,std::char_traits<char>> &std::basic_ostream<char,std::char_traits<char>>::operator <<(float)'
  C:\Program Files (x86)\Microsoft Visual Studio 14.0\VC\include\ostream(395): note: or       'std::basic_ostream<char,std::char_traits<char>> &std::basic_ostream<char,std::char_traits<char>>::operator <<(unsigned __int64)'
  C:\Program Files (x86)\Microsoft Visual Studio 14.0\VC\include\ostream(375): note: or       'std::basic_ostream<char,std::char_traits<char>> &std::basic_ostream<char,std::char_traits<char>>::operator <<(__int64)'
  C:\Program Files (x86)\Microsoft Visual Studio 14.0\VC\include\ostream(355): note: or       'std::basic_ostream<char,std::char_traits<char>> &std::basic_ostream<char,std::char_traits<char>>::operator <<(unsigned long)'
  C:\Program Files (x86)\Microsoft Visual Studio 14.0\VC\include\ostream(335): note: or       'std::basic_ostream<char,std::char_traits<char>> &std::basic_ostream<char,std::char_traits<char>>::operator <<(long)'
  C:\Program Files (x86)\Microsoft Visual Studio 14.0\VC\include\ostream(315): note: or       'std::basic_ostream<char,std::char_traits<char>> &std::basic_ostream<char,std::char_traits<char>>::operator <<(unsigned int)'
  C:\Program Files (x86)\Microsoft Visual Studio 14.0\VC\include\ostream(290): note: or       'std::basic_ostream<char,std::char_traits<char>> &std::basic_ostream<char,std::char_traits<char>>::operator <<(int)'
  C:\Program Files (x86)\Microsoft Visual Studio 14.0\VC\include\ostream(270): note: or       'std::basic_ostream<char,std::char_traits<char>> &std::basic_ostream<char,std::char_traits<char>>::operator <<(unsigned short)'
  C:\Program Files (x86)\Microsoft Visual Studio 14.0\VC\include\ostream(236): note: or       'std::basic_ostream<char,std::char_traits<char>> &std::basic_ostream<char,std::char_traits<char>>::operator <<(short)'
  C:\Program Files (x86)\Microsoft Visual Studio 14.0\VC\include\ostream(216): note: or       'std::basic_ostream<char,std::char_traits<char>> &std::basic_ostream<char,std::char_traits<char>>::operator <<(bool)'
  C:\Program Files (x86)\Microsoft Visual Studio 14.0\VC\include\ostream(209): note: or       'std::basic_ostream<char,std::char_traits<char>> &std::basic_ostream<char,std::char_traits<char>>::operator <<(std::ios_base &(__cdecl *)(std::ios_base &))'
  C:\Program Files (x86)\Microsoft Visual Studio 14.0\VC\include\ostream(202): note: or       'std::basic_ostream<char,std::char_traits<char>> &std::basic_ostream<char,std::char_traits<char>>::operator <<(std::basic_ios<char,std::char_traits<char>> &(__cdecl *)(std::basic_ios<char,std::char_traits<char>> &))'
  C:\Program Files (x86)\Microsoft Visual Studio 14.0\VC\include\ostream(196): note: or       'std::basic_ostream<char,std::char_traits<char>> &std::basic_ostream<char,std::char_traits<char>>::operator <<(std::basic_ostream<char,std::char_traits<char>> &(__cdecl *)(std::basic_ostream<char,std::char_traits<char>> &))'
  C:\Program Files (x86)\Microsoft Visual Studio 14.0\VC\include\ostream(1019): note: or       'std::basic_ostream<char,std::char_traits<char>> &std::operator <<<char,std::char_traits<char>>(std::basic_ostream<char,std::char_traits<char>> &,const std::error_code &)'
  C:\Program Files (x86)\Microsoft Visual Studio 14.0\VC\include\ostream(981): note: or       'std::basic_ostream<char,std::char_traits<char>> &std::operator <<<char,std::char_traits<char>,T>(std::basic_ostream<char,std::char_traits<char>> &&,const _Ty &)'
          with
          [
              T=std::ostringstream,
              _Ty=std::ostringstream
          ]
  C:\Program Files (x86)\Microsoft Visual Studio 14.0\VC\include\ostream(971): note: or       'std::basic_ostream<char,std::char_traits<char>> &std::operator <<<std::char_traits<char>>(std::basic_ostream<char,std::char_traits<char>> &,unsigned char)'
  C:\Program Files (x86)\Microsoft Visual Studio 14.0\VC\include\ostream(964): note: or       'std::basic_ostream<char,std::char_traits<char>> &std::operator <<<std::char_traits<char>>(std::basic_ostream<char,std::char_traits<char>> &,const unsigned char *)'
  C:\Program Files (x86)\Microsoft Visual Studio 14.0\VC\include\ostream(957): note: or       'std::basic_ostream<char,std::char_traits<char>> &std::operator <<<std::char_traits<char>>(std::basic_ostream<char,std::char_traits<char>> &,signed char)'
  C:\Program Files (x86)\Microsoft Visual Studio 14.0\VC\include\ostream(950): note: or       'std::basic_ostream<char,std::char_traits<char>> &std::operator <<<std::char_traits<char>>(std::basic_ostream<char,std::char_traits<char>> &,const signed char *)'
  C:\Program Files (x86)\Microsoft Visual Studio 14.0\VC\include\ostream(824): note: or       'std::basic_ostream<char,std::char_traits<char>> &std::operator <<<std::char_traits<char>>(std::basic_ostream<char,std::char_traits<char>> &,char)'
  C:\Program Files (x86)\Microsoft Visual Studio 14.0\VC\include\ostream(777): note: or       'std::basic_ostream<char,std::char_traits<char>> &std::operator <<<std::char_traits<char>>(std::basic_ostream<char,std::char_traits<char>> &,const char *)'
  C:\Program Files (x86)\Microsoft Visual Studio 14.0\VC\include\ostream(739): note: or       'std::basic_ostream<char,std::char_traits<char>> &std::operator <<<char,std::char_traits<char>>(std::basic_ostream<char,std::char_traits<char>> &,char)'
  C:\Program Files (x86)\Microsoft Visual Studio 14.0\VC\include\ostream(692): note: or       'std::basic_ostream<char,std::char_traits<char>> &std::operator <<<char,std::char_traits<char>>(std::basic_ostream<char,std::char_traits<char>> &,const char *)'
  e:\programs\rmtsrc\log.h(44): note: while trying to match the argument list '(std::ostream, const std::ostringstream)'
  factories.cpp(276): note: see reference to function template instantiation 'Log &Log::operator <<<std::ostringstream>(const T &)' being compiled
          with
          [
              T=std::ostringstream
          ]
  Generating Code...
